<?xml version="1.0" encoding="UTF-8"?>
<testng-results ignored="0" total="0" passed="0" failed="0" skipped="0">
  <reporter-output>
  </reporter-output>
  <suite started-at="2022-10-07T09:21:53 WEST" name="Surefire suite" finished-at="2022-10-07T09:22:46 WEST" duration-ms="53689">
    <groups>
    </groups>
    <test started-at="2022-10-07T09:21:53 WEST" name="Surefire test" finished-at="2022-10-07T09:22:46 WEST" duration-ms="53689">
    </test> <!-- Surefire test -->
  </suite> <!-- Surefire suite -->
</testng-results>
